TN:
SF:app.js
FNF:0
FNH:0
DA:1,1
DA:2,1
DA:3,1
DA:4,1
DA:5,1
DA:6,1
DA:7,1
DA:8,1
DA:9,1
DA:10,1
DA:11,1
DA:12,1
DA:13,1
DA:14,1
DA:15,1
DA:16,1
DA:17,1
LF:17
LH:17
BRF:0
BRH:0
end_of_record
TN:
SF:config\prisma.js
FNF:0
FNH:0
DA:1,1
DA:2,1
DA:3,1
DA:4,1
DA:5,1
LF:5
LH:5
BRF:0
BRH:0
end_of_record
TN:
SF:controllers\AccountController.js
FN:3,createAccount
FN:31,getAllAccounts
FN:52,getAccountById
FNF:3
FNH:3
FNDA:2,createAccount
FNDA:1,getAllAccounts
FNDA:2,getAccountById
DA:1,1
DA:2,1
DA:3,1
DA:4,2
DA:5,2
DA:6,2
DA:7,2
DA:8,1
DA:9,1
DA:10,1
DA:11,1
DA:12,1
DA:13,1
DA:14,1
DA:15,1
DA:16,1
DA:17,1
DA:18,1
DA:19,1
DA:20,1
DA:21,2
DA:22,0
DA:23,0
DA:24,1
DA:25,1
DA:26,2
DA:27,0
DA:28,0
DA:29,2
DA:30,1
DA:31,1
DA:32,1
DA:33,1
DA:34,1
DA:35,1
DA:36,1
DA:37,1
DA:38,1
DA:39,1
DA:40,1
DA:41,1
DA:42,0
DA:43,0
DA:44,0
DA:45,1
DA:46,1
DA:47,1
DA:48,0
DA:49,0
DA:50,1
DA:51,1
DA:52,1
DA:53,2
DA:54,2
DA:55,2
DA:56,2
DA:57,2
DA:58,2
DA:59,2
DA:60,2
DA:61,2
DA:62,2
DA:63,2
DA:64,2
DA:65,2
DA:66,2
DA:67,2
DA:68,2
DA:69,2
DA:70,2
DA:71,2
DA:72,2
DA:73,2
DA:74,1
DA:75,1
DA:76,1
DA:77,1
DA:78,1
DA:79,2
DA:80,0
DA:81,0
DA:82,2
DA:83,1
DA:84,1
LF:84
LH:73
BRDA:3,0,0,2
BRDA:7,1,0,1
BRDA:7,2,0,1
BRDA:7,3,0,1
BRDA:7,4,0,1
BRDA:21,5,0,0
BRDA:23,6,0,1
BRDA:26,7,0,0
BRDA:31,8,0,1
BRDA:41,9,0,0
BRDA:47,10,0,0
BRDA:52,11,0,2
BRDA:73,12,0,1
BRDA:79,13,0,0
BRF:14
BRH:9
end_of_record
TN:
SF:controllers\AuthController.js
FN:5,register
FN:39,login
FN:62,authenticate
FNF:3
FNH:3
FNDA:3,register
FNDA:3,login
FNDA:1,authenticate
DA:1,1
DA:2,1
DA:3,1
DA:4,1
DA:5,1
DA:6,3
DA:7,3
DA:8,3
DA:9,3
DA:10,1
DA:11,1
DA:12,2
DA:13,2
DA:14,3
DA:15,1
DA:16,1
DA:17,1
DA:18,1
DA:19,1
DA:20,1
DA:21,1
DA:22,1
DA:23,1
DA:24,1
DA:25,1
DA:26,1
DA:27,3
DA:28,0
DA:29,0
DA:30,1
DA:31,1
DA:32,3
DA:33,0
DA:34,0
DA:35,0
DA:36,0
DA:37,3
DA:38,1
DA:39,1
DA:40,3
DA:41,3
DA:42,3
DA:43,3
DA:44,3
DA:45,2
DA:46,2
DA:47,1
DA:48,1
DA:49,1
DA:50,3
DA:51,0
DA:52,0
DA:53,1
DA:54,1
DA:55,1
DA:56,1
DA:57,3
DA:58,0
DA:59,0
DA:60,3
DA:61,1
DA:62,1
DA:63,1
DA:64,1
DA:65,1
DA:66,1
LF:66
LH:56
BRDA:5,0,0,3
BRDA:9,1,0,2
BRDA:9,2,0,2
BRDA:9,3,0,1
BRDA:11,4,0,2
BRDA:14,5,0,1
BRDA:27,6,0,0
BRDA:29,7,0,1
BRDA:32,8,0,0
BRDA:39,9,0,3
BRDA:44,10,0,2
BRDA:46,11,0,1
BRDA:50,12,0,0
BRDA:52,13,0,1
BRDA:57,14,0,0
BRDA:62,15,0,1
BRF:16
BRH:12
end_of_record
TN:
SF:controllers\TransactionController.js
FN:3,createTransaction
FN:49,getAllTransactions
FN:64,getTransactionById
FNF:3
FNH:3
FNDA:2,createTransaction
FNDA:1,getAllTransactions
FNDA:2,getTransactionById
DA:1,1
DA:2,1
DA:3,1
DA:4,2
DA:5,2
DA:6,2
DA:7,2
DA:8,1
DA:9,1
DA:10,1
DA:11,1
DA:12,1
DA:13,1
DA:14,1
DA:15,1
DA:16,1
DA:17,1
DA:18,1
DA:19,1
DA:20,2
DA:21,0
DA:22,0
DA:23,2
DA:24,1
DA:25,1
DA:26,1
DA:27,1
DA:28,1
DA:29,1
DA:30,1
DA:31,1
DA:32,1
DA:33,1
DA:34,1
DA:35,1
DA:36,1
DA:37,1
DA:38,1
DA:39,1
DA:40,1
DA:41,1
DA:42,1
DA:43,1
DA:44,2
DA:45,0
DA:46,0
DA:47,2
DA:48,1
DA:49,1
DA:50,1
DA:51,1
DA:52,1
DA:53,1
DA:54,0
DA:55,0
DA:56,0
DA:57,1
DA:58,1
DA:59,1
DA:60,0
DA:61,0
DA:62,1
DA:63,1
DA:64,1
DA:65,2
DA:66,2
DA:67,2
DA:68,2
DA:69,2
DA:70,2
DA:71,2
DA:72,2
DA:73,2
DA:74,2
DA:75,2
DA:76,2
DA:77,2
DA:78,2
DA:79,2
DA:80,2
DA:81,2
DA:82,2
DA:83,2
DA:84,2
DA:85,2
DA:86,2
DA:87,2
DA:88,2
DA:89,2
DA:90,2
DA:91,2
DA:92,2
DA:93,2
DA:94,2
DA:95,2
DA:96,2
DA:97,2
DA:98,2
DA:99,2
DA:100,2
DA:101,1
DA:102,1
DA:103,1
DA:104,1
DA:105,1
DA:106,2
DA:107,0
DA:108,0
DA:109,2
DA:110,1
DA:111,1
LF:111
LH:100
BRDA:3,0,0,2
BRDA:7,1,0,1
BRDA:20,2,0,0
BRDA:23,3,0,1
BRDA:44,4,0,0
BRDA:49,5,0,1
BRDA:53,6,0,0
BRDA:59,7,0,0
BRDA:64,8,0,2
BRDA:100,9,0,1
BRDA:106,10,0,0
BRF:11
BRH:6
end_of_record
TN:
SF:controllers\UserController.js
FN:3,createUser
FN:47,getAllUsers
FN:66,getUserById
FNF:3
FNH:3
FNDA:3,createUser
FNDA:1,getAllUsers
FNDA:2,getUserById
DA:1,1
DA:2,1
DA:3,1
DA:4,3
DA:5,3
DA:6,3
DA:7,3
DA:8,1
DA:9,1
DA:10,1
DA:11,2
DA:12,2
DA:13,2
DA:14,3
DA:15,1
DA:16,1
DA:17,1
DA:18,1
DA:19,1
DA:20,1
DA:21,1
DA:22,1
DA:23,1
DA:24,1
DA:25,1
DA:26,1
DA:27,3
DA:28,0
DA:29,0
DA:30,0
DA:31,1
DA:32,1
DA:33,1
DA:34,1
DA:35,1
DA:36,1
DA:37,1
DA:38,1
DA:39,1
DA:40,1
DA:41,1
DA:42,3
DA:43,0
DA:44,0
DA:45,3
DA:46,1
DA:47,1
DA:48,1
DA:49,1
DA:50,1
DA:51,1
DA:52,1
DA:53,1
DA:54,1
DA:55,1
DA:56,0
DA:57,0
DA:58,0
DA:59,1
DA:60,1
DA:61,1
DA:62,0
DA:63,0
DA:64,1
DA:65,1
DA:66,1
DA:67,2
DA:68,2
DA:69,2
DA:70,2
DA:71,2
DA:72,2
DA:73,2
DA:74,2
DA:75,2
DA:76,2
DA:77,2
DA:78,2
DA:79,2
DA:80,2
DA:81,2
DA:82,2
DA:83,2
DA:84,1
DA:85,1
DA:86,1
DA:87,1
DA:88,1
DA:89,2
DA:90,0
DA:91,0
DA:92,2
DA:93,1
DA:94,1
LF:94
LH:82
BRDA:3,0,0,3
BRDA:7,1,0,2
BRDA:7,2,0,2
BRDA:7,3,0,2
BRDA:7,4,0,2
BRDA:7,5,0,2
BRDA:7,6,0,1
BRDA:10,7,0,2
BRDA:14,8,0,1
BRDA:27,9,0,0
BRDA:30,10,0,1
BRDA:42,11,0,0
BRDA:13,12,0,8
BRDA:47,13,0,1
BRDA:55,14,0,0
BRDA:61,15,0,0
BRDA:66,16,0,2
BRDA:83,17,0,1
BRDA:89,18,0,0
BRF:19
BRH:14
end_of_record
TN:
SF:middlewares\auth.js
FN:3,Object.<anonymous>.module.exports
FNF:1
FNH:1
FNDA:2,Object.<anonymous>.module.exports
DA:1,1
DA:2,1
DA:3,1
DA:4,2
DA:5,2
DA:6,2
DA:7,1
DA:8,1
DA:9,1
DA:10,1
DA:11,1
DA:12,1
DA:13,0
DA:14,0
DA:15,1
DA:16,1
DA:17,1
DA:18,1
LF:18
LH:16
BRDA:3,0,0,2
BRDA:6,1,0,1
BRDA:6,2,0,1
BRDA:11,3,0,1
BRDA:12,4,0,0
BRF:5
BRH:4
end_of_record
TN:
SF:routes\v1\index.js
FNF:0
FNH:0
DA:1,1
DA:2,1
DA:3,1
DA:4,1
DA:5,1
DA:6,1
DA:7,1
DA:8,1
DA:9,1
DA:10,1
DA:11,1
DA:12,1
DA:13,1
DA:14,1
DA:15,1
DA:16,1
DA:17,1
DA:18,1
DA:19,1
DA:20,1
DA:21,1
DA:22,1
DA:23,1
DA:24,1
DA:25,1
DA:26,1
DA:27,1
DA:28,1
DA:29,1
DA:30,1
DA:31,1
DA:32,1
DA:33,1
LF:33
LH:33
BRF:0
BRH:0
end_of_record
